<?xml version="1.0" encoding="UTF-8" ?>
<testsuite tests="1" failures="1" name="iutdijon.cryptomessengerclient.modele.protocoles.realisations.TranspositionBourrageTest" time="0.043" errors="0" skipped="0">
  <properties>
[...]
</properties>
  <testcase classname="iutdijon.cryptomessengerclient.modele.protocoles.realisations.TranspositionBourrageTest" name="iutdijon.cryptomessengerclient.modele.protocoles.realisations.TranspositionBourrageTest.testBourrage" time="0.043">
    <failure message="array contents differ at index [5][3], expected: &lt;V&gt; but was: &lt;v&gt;" type="org.opentest4j.AssertionFailedError">org.opentest4j.AssertionFailedError: array contents differ at index [5][3], expected: &lt;V&gt; but was: &lt;v&gt;
	at org.junit.jupiter.api.AssertionUtils.fail(AssertionUtils.java:39)
	at org.junit.jupiter.api.AssertArrayEquals.failArraysNotEqual(AssertArrayEquals.java:432)
	at org.junit.jupiter.api.AssertArrayEquals.assertArrayEquals(AssertArrayEquals.java:196)
	at org.junit.jupiter.api.AssertArrayEquals.assertArrayElementsEqual(AssertArrayEquals.java:373)
	at org.junit.jupiter.api.AssertArrayEquals.assertArrayEquals(AssertArrayEquals.java:349)
	at org.junit.jupiter.api.AssertArrayEquals.assertArrayEquals(AssertArrayEquals.java:162)
	at org.junit.jupiter.api.AssertArrayEquals.assertArrayEquals(AssertArrayEquals.java:158)
	at org.junit.jupiter.api.Assertions.assertArrayEquals(Assertions.java:1435)
	at iutdijon.cryptomessengerclient.modele.protocoles.realisations.TranspositionBourrageTest.testBourrage(TranspositionBourrageTest.java:35)
</failure>
    <system-out>Test du bourrage aléatoire seedé
</system-out>
  </testcase>
</testsuite>